TN:
SF:modules\project.js
FN:6,initialize
FN:7,(anonymous_1)
FN:43,getAllProjects
FN:44,(anonymous_3)
FN:53,getProjectById
FN:54,(anonymous_5)
FN:72,getProjectsBySector
FN:73,(anonymous_7)
FN:74,(anonymous_8)
FNF:9
FNH:9
FNDA:1,initialize
FNDA:1,(anonymous_1)
FNDA:1,getAllProjects
FNDA:1,(anonymous_3)
FNDA:2,getProjectById
FNDA:2,(anonymous_5)
FNDA:3,getProjectsBySector
FNDA:3,(anonymous_7)
FNDA:90,(anonymous_8)
DA:1,1
DA:2,1
DA:4,1
DA:7,1
DA:8,1
DA:9,1
DA:11,1
DA:12,30
DA:13,30
DA:15,30
DA:16,90
DA:17,30
DA:18,30
DA:22,30
DA:34,30
DA:36,1
DA:38,0
DA:44,1
DA:45,1
DA:46,1
DA:48,0
DA:54,2
DA:55,2
DA:57,2
DA:58,45
DA:59,1
DA:60,1
DA:64,2
DA:65,1
DA:67,1
DA:73,3
DA:74,3
DA:75,90
DA:78,3
DA:79,1
DA:81,2
DA:86,1
LF:37
LH:35
BRDA:16,0,0,30
BRDA:16,0,1,60
BRDA:45,1,0,1
BRDA:45,1,1,0
BRDA:58,2,0,1
BRDA:58,2,1,44
BRDA:64,3,0,1
BRDA:64,3,1,1
BRDA:78,4,0,1
BRDA:78,4,1,2
BRF:10
BRH:9
end_of_record
